<?xml version="1.0" encoding="UTF-8"?>
<!-- Generated by org.testng.reporters.JUnitReportReporter -->
<testsuite skipped="0" hostname="LAPTOP-F1M00SRG" name="testcases.executeTestThroughTestNg" tests="6" failures="0" timestamp="31 Dec 2018 05:03:06 GMT" time="46.211" errors="0">
  <testcase name="testInvokeApplication" time="4.629" classname="testcases.executeTestThroughTestNg"/>
  <testcase name="testInvokeApplication" time="11.299" classname="testcases.executeTestThroughTestNg"/>
  <testcase name="testLogin" time="5.978" classname="testcases.executeTestThroughTestNg"/>
  <testcase name="testLogin" time="9.951" classname="testcases.executeTestThroughTestNg"/>
  <testcase name="testBookATicket" time="7.058" classname="testcases.executeTestThroughTestNg"/>
  <testcase name="testBookATicket" time="7.296" classname="testcases.executeTestThroughTestNg"/>
</testsuite> <!-- testcases.executeTestThroughTestNg -->
